<?xml version="1.0" encoding="UTF-8"?>
<!-- Generated by org.testng.reporters.JUnitReportReporter -->
<testsuite hostname="DESKTOP-7GLCUIV" failures="0" tests="11" name="basics.Test02" time="0.252" errors="0" timestamp="2021-08-04T17:42:21 IST" skipped="1">
  <testcase classname="basics.Test02" name="Demo" time="0.014"/>
  <system-out>
    <![CDATA[from Demo method]]>
  </system-out>
  <testcase classname="basics.Test02" name="demo1" time="0.011"/>
  <system-out>
    <![CDATA[from demo1 method]]>
  </system-out>
  <testcase classname="basics.Test02" name="demo4" time="0.021"/>
  <system-out>
    <![CDATA[from demo4 method]]>
  </system-out>
  <testcase classname="basics.Test02" name="Demo2" time="0.015"/>
  <system-out>
    <![CDATA[from Demo2 method]]>
  </system-out>
  <testcase classname="basics.Test02" name="Demo" time="0.075"/>
  <system-out>
    <![CDATA[from Demo method]]>
  </system-out>
  <testcase classname="basics.Test02" name="Demo" time="0.024"/>
  <system-out>
    <![CDATA[from Demo method]]>
  </system-out>
  <testcase classname="basics.Test02" name="demo3" time="0.046"/>
  <system-out>
    <![CDATA[from demo3 method]]>
  </system-out>
  <testcase classname="basics.Test02" name="demo3" time="0.021"/>
  <system-out>
    <![CDATA[from demo3 method]]>
  </system-out>
  <testcase classname="basics.Test02" name="demo3" time="0.015"/>
  <system-out>
    <![CDATA[from demo3 method]]>
  </system-out>
  <testcase classname="basics.Test02" name="demo2" time="0.010"/>
  <system-out>
    <![CDATA[from demo2 method]]>
  </system-out>
  <testcase classname="basics.Test02" name="Demo3">
    <skipped/>
  </testcase> <!-- Demo3 -->
  <system-out/>
</testsuite> <!-- basics.Test02 -->
