<?xml version="1.0" encoding="UTF-8"?>
<!-- Generated by org.testng.reporters.JUnitReportReporter -->
<testsuite hostname="DESKTOP-7GLCUIV" failures="0" tests="1" name="basics.Test01" time="0.197" errors="0" timestamp="2021-08-04T11:05:51 IST" skipped="0">
  <testcase classname="basics.Test01" name="pallavi" time="0.197"/>
  <system-out>
    <![CDATA[from demo method]]>
  </system-out>
</testsuite> <!-- basics.Test01 -->
