<?xml version="1.0" encoding="UTF-8"?>
<!-- Generated by org.testng.reporters.JUnitReportReporter -->
<testsuite hostname="DESKTOP-7GLCUIV" failures="0" tests="1" name="practice.TC_15Test" time="54.403" errors="0" timestamp="2021-08-12T09:44:36 IST" skipped="0">
  <testcase classname="practice.TC_15Test" name="modifyAccount" time="54.403"/>
  <system-out>
    <![CDATA[from modify Account]]>
  </system-out>
</testsuite> <!-- practice.TC_15Test -->
