<?xml version="1.0" encoding="UTF-8"?>
<!-- Generated by org.testng.reporters.JUnitReportReporter -->
<testsuite hostname="DESKTOP-7GLCUIV" failures="0" tests="1" name="practice.TC_12Test" time="32.896" errors="0" timestamp="2021-08-12T09:47:21 IST" skipped="0">
  <testcase classname="practice.TC_12Test" name="manageAccount" time="32.896"/>
  <system-out>
    <![CDATA[from manage Account]]>
  </system-out>
</testsuite> <!-- practice.TC_12Test -->
