<?xml version="1.0" encoding="UTF-8"?>
<!-- Generated by org.testng.reporters.JUnitReportReporter -->
<testsuite hostname="DESKTOP-7GLCUIV" failures="0" tests="1" name="scriptOnTestCase.TC_05Test" time="61.485" errors="0" timestamp="2021-08-21T21:25:57 IST" skipped="0">
  <testcase classname="scriptOnTestCase.TC_05Test" name="CreateProductWithMandatoryFields" time="61.485"/>
  <system-out/>
</testsuite> <!-- scriptOnTestCase.TC_05Test -->
