<?xml version="1.0" encoding="UTF-8"?>
<!-- Generated by org.testng.reporters.JUnitReportReporter -->
<testsuite hostname="DESKTOP-7GLCUIV" failures="0" tests="1" name="scriptOnTestCase.TC_02Test" time="50.837" errors="0" timestamp="2021-08-21T21:54:25 IST" skipped="0">
  <testcase classname="scriptOnTestCase.TC_02Test" name="CreateProductWithoutMandatoryField" time="50.837"/>
  <system-out/>
</testsuite> <!-- scriptOnTestCase.TC_02Test -->
