<?xml version="1.0" encoding="UTF-8"?>
<!-- Generated by org.testng.reporters.JUnitReportReporter -->
<testsuite hostname="DESKTOP-7GLCUIV" failures="0" tests="1" name="scriptOnTestCase.TC_04Test" time="57.554" errors="0" timestamp="2021-08-21T21:28:50 IST" skipped="0">
  <testcase classname="scriptOnTestCase.TC_04Test" name="CreateProductWithOutActive" time="57.554"/>
  <system-out/>
</testsuite> <!-- scriptOnTestCase.TC_04Test -->
