<?xml version="1.0" encoding="UTF-8"?>
<!-- Generated by org.testng.reporters.JUnitReportReporter -->
<testsuite hostname="DESKTOP-7GLCUIV" failures="0" tests="1" name="scriptOnTestCase.TC_03Test" time="45.192" errors="0" timestamp="2021-08-21T21:30:10 IST" skipped="0">
  <testcase classname="scriptOnTestCase.TC_03Test" name="CreateProductWithActive" time="45.192"/>
  <system-out/>
</testsuite> <!-- scriptOnTestCase.TC_03Test -->
