<?xml version="1.0" encoding="UTF-8"?>
<!-- Generated by org.testng.reporters.JUnitReportReporter -->
<testsuite hostname="DESKTOP-7GLCUIV" failures="0" tests="1" name="scriptOnTestCase.TC_01Test" time="386.674" errors="0" timestamp="2021-08-23T12:43:01 IST" skipped="0">
  <testcase classname="scriptOnTestCase.TC_01Test" name="CreateProduct" time="386.674"/>
  <system-out/>
</testsuite> <!-- scriptOnTestCase.TC_01Test -->
