<?xml version="1.0" encoding="UTF-8"?>
<!-- Generated by org.testng.reporters.JUnitReportReporter -->
<testsuite hostname="DESKTOP-7GLCUIV" failures="0" tests="1" name="practice.TC_14Test" time="41.042" errors="0" timestamp="2021-08-12T09:47:21 IST" skipped="0">
  <testcase classname="practice.TC_14Test" name="deleteAccount" time="41.042"/>
  <system-out>
    <![CDATA[from delete Account]]>
  </system-out>
</testsuite> <!-- practice.TC_14Test -->
