<?xml version="1.0" encoding="UTF-8"?>
<!-- Generated by org.testng.reporters.JUnitReportReporter -->
<testsuite hostname="DESKTOP-7GLCUIV" failures="0" tests="2" name="ToReadDataFromXml.TC_06Test" time="106.630" errors="0" timestamp="2021-08-12T10:17:50 IST" skipped="0">
  <testcase classname="ToReadDataFromXml.TC_06Test" name="mytri" time="65.136"/>
  <system-out>
    <![CDATA[mytri]]>
  </system-out>
  <testcase classname="ToReadDataFromXml.TC_06Test" name="mytri" time="41.494"/>
  <system-out>
    <![CDATA[mytri]]>
  </system-out>
</testsuite> <!-- ToReadDataFromXml.TC_06Test -->
