<?xml version="1.0" encoding="UTF-8"?>
<!-- Generated by org.testng.reporters.JUnitReportReporter -->
<testsuite hostname="DESKTOP-7GLCUIV" failures="0" tests="1" name="jenkins.Testscript_01Test" time="0.028" errors="0" timestamp="2022-01-04T16:21:39 IST" skipped="0">
  <testcase classname="jenkins.Testscript_01Test" name="login" time="0.028"/>
  <system-out/>
</testsuite> <!-- jenkins.Testscript_01Test -->
